<?xml version="1.0" encoding="UTF-8"?>
<testsuite name="com.xengom.domain.posts.PostsRepositoryTest" tests="2" skipped="0" failures="0" errors="0" timestamp="2021-07-18T07:06:05" hostname="DEC" time="0.228">
  <properties/>
  <testcase name="게시글저장_불러오기" classname="com.xengom.domain.posts.PostsRepositoryTest" time="0.218"/>
  <testcase name="BaseTimeEntity_등록" classname="com.xengom.domain.posts.PostsRepositoryTest" time="0.009"/>
  <system-out><![CDATA[16:06:00.111 [Test worker] DEBUG org.springframework.test.context.junit4.SpringJUnit4ClassRunner - SpringJUnit4ClassRunner constructor called with [class com.xengom.domain.posts.PostsRepositoryTest]
16:06:00.118 [Test worker] DEBUG org.springframework.test.context.BootstrapUtils - Instantiating CacheAwareContextLoaderDelegate from class [org.springframework.test.context.cache.DefaultCacheAwareContextLoaderDelegate]
16:06:00.126 [Test worker] DEBUG org.springframework.test.context.BootstrapUtils - Instantiating BootstrapContext using constructor [public org.springframework.test.context.support.DefaultBootstrapContext(java.lang.Class,org.springframework.test.context.CacheAwareContextLoaderDelegate)]
16:06:00.139 [Test worker] DEBUG org.springframework.test.context.BootstrapUtils - Instantiating TestContextBootstrapper for test class [com.xengom.domain.posts.PostsRepositoryTest] from class [org.springframework.boot.test.context.SpringBootTestContextBootstrapper]
16:06:00.149 [Test worker] INFO org.springframework.boot.test.context.SpringBootTestContextBootstrapper - Neither @ContextConfiguration nor @ContextHierarchy found for test class [com.xengom.domain.posts.PostsRepositoryTest], using SpringBootContextLoader
16:06:00.152 [Test worker] DEBUG org.springframework.test.context.support.AbstractContextLoader - Did not detect default resource location for test class [com.xengom.domain.posts.PostsRepositoryTest]: class path resource [com/xengom/domain/posts/PostsRepositoryTest-context.xml] does not exist
16:06:00.153 [Test worker] DEBUG org.springframework.test.context.support.AbstractContextLoader - Did not detect default resource location for test class [com.xengom.domain.posts.PostsRepositoryTest]: class path resource [com/xengom/domain/posts/PostsRepositoryTestContext.groovy] does not exist
16:06:00.153 [Test worker] INFO org.springframework.test.context.support.AbstractContextLoader - Could not detect default resource locations for test class [com.xengom.domain.posts.PostsRepositoryTest]: no resource found for suffixes {-context.xml, Context.groovy}.
16:06:00.153 [Test worker] INFO org.springframework.test.context.support.AnnotationConfigContextLoaderUtils - Could not detect default configuration classes for test class [com.xengom.domain.posts.PostsRepositoryTest]: PostsRepositoryTest does not declare any static, non-private, non-final, nested classes annotated with @Configuration.
16:06:00.187 [Test worker] DEBUG org.springframework.test.context.support.ActiveProfilesUtils - Could not find an 'annotation declaring class' for annotation type [org.springframework.test.context.ActiveProfiles] and class [com.xengom.domain.posts.PostsRepositoryTest]
16:06:00.256 [Test worker] DEBUG org.springframework.context.annotation.ClassPathScanningCandidateComponentProvider - Identified candidate component class: file [C:\Users\xengo\OneDrive\바탕 화면\스프링공부\xengom\build\classes\java\main\com\xengom\Application.class]
16:06:00.257 [Test worker] INFO org.springframework.boot.test.context.SpringBootTestContextBootstrapper - Found @SpringBootConfiguration com.xengom.Application for test class com.xengom.domain.posts.PostsRepositoryTest
16:06:00.341 [Test worker] DEBUG org.springframework.boot.test.context.SpringBootTestContextBootstrapper - @TestExecutionListeners is not present for class [com.xengom.domain.posts.PostsRepositoryTest]: using defaults.
16:06:00.342 [Test worker] INFO org.springframework.boot.test.context.SpringBootTestContextBootstrapper - Loaded default TestExecutionListener class names from location [META-INF/spring.factories]: [org.springframework.security.test.context.support.WithSecurityContextTestExecutionListener, org.springframework.security.test.context.support.ReactorContextTestExecutionListener, org.springframework.boot.test.autoconfigure.restdocs.RestDocsTestExecutionListener, org.springframework.boot.test.autoconfigure.web.client.MockRestServiceServerResetTestExecutionListener, org.springframework.boot.test.autoconfigure.web.servlet.MockMvcPrintOnlyOnFailureTestExecutionListener, org.springframework.boot.test.autoconfigure.web.servlet.WebDriverTestExecutionListener, org.springframework.boot.test.mock.mockito.MockitoTestExecutionListener, org.springframework.boot.test.mock.mockito.ResetMocksTestExecutionListener, org.springframework.test.context.web.ServletTestExecutionListener, org.springframework.test.context.support.DirtiesContextBeforeModesTestExecutionListener, org.springframework.test.context.support.DependencyInjectionTestExecutionListener, org.springframework.test.context.support.DirtiesContextTestExecutionListener, org.springframework.test.context.transaction.TransactionalTestExecutionListener, org.springframework.test.context.jdbc.SqlScriptsTestExecutionListener]
16:06:00.359 [Test worker] INFO org.springframework.boot.test.context.SpringBootTestContextBootstrapper - Using TestExecutionListeners: [org.springframework.test.context.web.ServletTestExecutionListener@7ef03a1a, org.springframework.test.context.support.DirtiesContextBeforeModesTestExecutionListener@40b88afa, org.springframework.boot.test.mock.mockito.MockitoTestExecutionListener@6936a13e, org.springframework.boot.test.autoconfigure.SpringBootDependencyInjectionTestExecutionListener@243bc7f7, org.springframework.test.context.support.DirtiesContextTestExecutionListener@5b641980, org.springframework.test.context.transaction.TransactionalTestExecutionListener@5f0fb74c, org.springframework.test.context.jdbc.SqlScriptsTestExecutionListener@3ecd2c2, org.springframework.security.test.context.support.WithSecurityContextTestExecutionListener@7992b937, org.springframework.security.test.context.support.ReactorContextTestExecutionListener@2c1179c, org.springframework.boot.test.autoconfigure.restdocs.RestDocsTestExecutionListener@2056755f, org.springframework.boot.test.autoconfigure.web.client.MockRestServiceServerResetTestExecutionListener@45c9c955, org.springframework.boot.test.autoconfigure.web.servlet.MockMvcPrintOnlyOnFailureTestExecutionListener@29fe8bda, org.springframework.boot.test.autoconfigure.web.servlet.WebDriverTestExecutionListener@2389148e, org.springframework.boot.test.mock.mockito.ResetMocksTestExecutionListener@30e6712d]
16:06:00.361 [Test worker] DEBUG org.springframework.test.annotation.ProfileValueUtils - Retrieved @ProfileValueSourceConfiguration [null] for test class [com.xengom.domain.posts.PostsRepositoryTest]
16:06:00.362 [Test worker] DEBUG org.springframework.test.annotation.ProfileValueUtils - Retrieved ProfileValueSource type [class org.springframework.test.annotation.SystemProfileValueSource] for class [com.xengom.domain.posts.PostsRepositoryTest]
16:06:00.362 [Test worker] DEBUG org.springframework.test.annotation.ProfileValueUtils - Retrieved @ProfileValueSourceConfiguration [null] for test class [com.xengom.domain.posts.PostsRepositoryTest]
16:06:00.362 [Test worker] DEBUG org.springframework.test.annotation.ProfileValueUtils - Retrieved ProfileValueSource type [class org.springframework.test.annotation.SystemProfileValueSource] for class [com.xengom.domain.posts.PostsRepositoryTest]
16:06:00.366 [Test worker] DEBUG org.springframework.test.context.support.AbstractDirtiesContextTestExecutionListener - Before test class: context [DefaultTestContext@790dd36b testClass = PostsRepositoryTest, testInstance = [null], testMethod = [null], testException = [null], mergedContextConfiguration = [WebMergedContextConfiguration@60ca1a5a testClass = PostsRepositoryTest, locations = '{}', classes = '{class com.xengom.Application}', contextInitializerClasses = '[]', activeProfiles = '{}', propertySourceLocations = '{}', propertySourceProperties = '{org.springframework.boot.test.context.SpringBootTestContextBootstrapper=true}', contextCustomizers = set[org.springframework.boot.test.autoconfigure.properties.PropertyMappingContextCustomizer@0, org.springframework.boot.test.autoconfigure.web.servlet.WebDriverContextCustomizerFactory$Customizer@471ca8b9, org.springframework.boot.test.context.filter.ExcludeFilterContextCustomizer@30c34804, org.springframework.boot.test.json.DuplicateJsonObjectContextCustomizerFactory$DuplicateJsonObjectContextCustomizer@6e372087, org.springframework.boot.test.mock.mockito.MockitoContextCustomizer@0, org.springframework.boot.test.web.client.TestRestTemplateContextCustomizer@48a45b3a], resourceBasePath = 'src/main/webapp', contextLoader = 'org.springframework.boot.test.context.SpringBootContextLoader', parent = [null]], attributes = map['org.springframework.test.context.web.ServletTestExecutionListener.activateListener' -> true]], class annotated with @DirtiesContext [false] with mode [null].
16:06:00.367 [Test worker] DEBUG org.springframework.test.annotation.ProfileValueUtils - Retrieved @ProfileValueSourceConfiguration [null] for test class [com.xengom.domain.posts.PostsRepositoryTest]
16:06:00.367 [Test worker] DEBUG org.springframework.test.annotation.ProfileValueUtils - Retrieved ProfileValueSource type [class org.springframework.test.annotation.SystemProfileValueSource] for class [com.xengom.domain.posts.PostsRepositoryTest]
16:06:00.388 [Test worker] DEBUG org.springframework.test.context.support.TestPropertySourceUtils - Adding inlined properties to environment: {spring.jmx.enabled=false, org.springframework.boot.test.context.SpringBootTestContextBootstrapper=true, server.port=-1}

  .   ____          _            __ _ _
 /\\ / ___'_ __ _ _(_)_ __  __ _ \ \ \ \
( ( )\___ | '_ | '_| | '_ \/ _` | \ \ \ \
 \\/  ___)| |_)| | | | | || (_| |  ) ) ) )
  '  |____| .__|_| |_|_| |_\__, | / / / /
 =========|_|==============|___/=/_/_/_/
 :: Spring Boot ::        (v2.1.9.RELEASE)

2021-07-18 16:06:00.624  INFO 23124 --- [    Test worker] c.x.domain.posts.PostsRepositoryTest     : Starting PostsRepositoryTest on DeC with PID 23124 (started by xengo in C:\Users\xengo\OneDrive\바탕 화면\스프링공부\xengom)
2021-07-18 16:06:00.624  INFO 23124 --- [    Test worker] c.x.domain.posts.PostsRepositoryTest     : No active profile set, falling back to default profiles: default
2021-07-18 16:06:01.254  INFO 23124 --- [    Test worker] .s.d.r.c.RepositoryConfigurationDelegate : Bootstrapping Spring Data repositories in DEFAULT mode.
2021-07-18 16:06:01.320  INFO 23124 --- [    Test worker] .s.d.r.c.RepositoryConfigurationDelegate : Finished Spring Data repository scanning in 59ms. Found 2 repository interfaces.
2021-07-18 16:06:01.704  INFO 23124 --- [    Test worker] trationDelegate$BeanPostProcessorChecker : Bean 'org.springframework.transaction.annotation.ProxyTransactionManagementConfiguration' of type [org.springframework.transaction.annotation.ProxyTransactionManagementConfiguration$$EnhancerBySpringCGLIB$$e9e33226] is not eligible for getting processed by all BeanPostProcessors (for example: not eligible for auto-proxying)
2021-07-18 16:06:01.859  INFO 23124 --- [    Test worker] com.zaxxer.hikari.HikariDataSource       : HikariPool-1 - Starting...
2021-07-18 16:06:02.010  INFO 23124 --- [    Test worker] com.zaxxer.hikari.HikariDataSource       : HikariPool-1 - Start completed.
2021-07-18 16:06:02.095  INFO 23124 --- [    Test worker] o.hibernate.jpa.internal.util.LogHelper  : HHH000204: Processing PersistenceUnitInfo [
	name: default
	...]
2021-07-18 16:06:02.199  INFO 23124 --- [    Test worker] org.hibernate.Version                    : HHH000412: Hibernate Core {5.3.12.Final}
2021-07-18 16:06:02.202  INFO 23124 --- [    Test worker] org.hibernate.cfg.Environment            : HHH000206: hibernate.properties not found
2021-07-18 16:06:02.404  INFO 23124 --- [    Test worker] o.hibernate.annotations.common.Version   : HCANN000001: Hibernate Commons Annotations {5.0.4.Final}
2021-07-18 16:06:02.562  INFO 23124 --- [    Test worker] org.hibernate.dialect.Dialect            : HHH000400: Using dialect: org.hibernate.dialect.MySQL5InnoDBDialect
Hibernate: drop table if exists posts
Hibernate: drop table if exists user
Hibernate: create table posts (id bigint not null auto_increment, created_date datetime, modified_date datetime, author varchar(255), content TEXT not null, title varchar(500) not null, primary key (id)) engine=InnoDB
Hibernate: create table user (id bigint not null auto_increment, created_date datetime, modified_date datetime, email varchar(255) not null, name varchar(255) not null, picture varchar(255), role varchar(255) not null, primary key (id)) engine=InnoDB
2021-07-18 16:06:03.149  INFO 23124 --- [    Test worker] o.h.t.schema.internal.SchemaCreatorImpl  : HHH000476: Executing import script 'org.hibernate.tool.schema.internal.exec.ScriptSourceInputNonExistentImpl@6ef3f07e'
2021-07-18 16:06:03.152  INFO 23124 --- [    Test worker] j.LocalContainerEntityManagerFactoryBean : Initialized JPA EntityManagerFactory for persistence unit 'default'
2021-07-18 16:06:03.645  INFO 23124 --- [    Test worker] o.h.h.i.QueryTranslatorFactoryInitiator  : HHH000397: Using ASTQueryTranslatorFactory
2021-07-18 16:06:04.032  INFO 23124 --- [    Test worker] o.s.s.web.DefaultSecurityFilterChain     : Creating filter chain: any request, [org.springframework.security.web.context.request.async.WebAsyncManagerIntegrationFilter@2868f60e, org.springframework.security.web.context.SecurityContextPersistenceFilter@5493540d, org.springframework.security.web.header.HeaderWriterFilter@62aab561, org.springframework.security.web.authentication.logout.LogoutFilter@6924cc95, org.springframework.security.oauth2.client.web.OAuth2AuthorizationRequestRedirectFilter@cef65f7, org.springframework.security.oauth2.client.web.OAuth2LoginAuthenticationFilter@6af2380, org.springframework.security.web.authentication.ui.DefaultLoginPageGeneratingFilter@45d71f2a, org.springframework.security.web.authentication.ui.DefaultLogoutPageGeneratingFilter@2fa6073e, org.springframework.security.web.savedrequest.RequestCacheAwareFilter@465853e, org.springframework.security.web.servletapi.SecurityContextHolderAwareRequestFilter@1805487, org.springframework.security.web.authentication.AnonymousAuthenticationFilter@33fca29f, org.springframework.security.web.session.SessionManagementFilter@5392d19d, org.springframework.security.web.access.ExceptionTranslationFilter@d81d523, org.springframework.security.web.access.intercept.FilterSecurityInterceptor@4f65b8c4]
2021-07-18 16:06:04.490  INFO 23124 --- [    Test worker] o.s.s.concurrent.ThreadPoolTaskExecutor  : Initializing ExecutorService 'applicationTaskExecutor'
2021-07-18 16:06:04.552  WARN 23124 --- [    Test worker] aWebConfiguration$JpaWebMvcConfiguration : spring.jpa.open-in-view is enabled by default. Therefore, database queries may be performed during view rendering. Explicitly configure spring.jpa.open-in-view to disable this warning
2021-07-18 16:06:04.601  INFO 23124 --- [    Test worker] o.s.b.a.w.s.WelcomePageHandlerMapping    : Adding welcome page template: index
2021-07-18 16:06:05.046  INFO 23124 --- [    Test worker] s.a.ScheduledAnnotationBeanPostProcessor : No TaskScheduler/ScheduledExecutorService bean found for scheduled processing
2021-07-18 16:06:05.056  INFO 23124 --- [    Test worker] c.x.domain.posts.PostsRepositoryTest     : Started PostsRepositoryTest in 4.658 seconds (JVM running for 5.549)
Hibernate: insert into posts (created_date, modified_date, author, content, title) values (?, ?, ?, ?, ?)
Hibernate: select posts0_.id as id1_0_, posts0_.created_date as created_2_0_, posts0_.modified_date as modified3_0_, posts0_.author as author4_0_, posts0_.content as content5_0_, posts0_.title as title6_0_ from posts posts0_
Hibernate: select posts0_.id as id1_0_, posts0_.created_date as created_2_0_, posts0_.modified_date as modified3_0_, posts0_.author as author4_0_, posts0_.content as content5_0_, posts0_.title as title6_0_ from posts posts0_
Hibernate: delete from posts where id=?
Hibernate: insert into posts (created_date, modified_date, author, content, title) values (?, ?, ?, ?, ?)
Hibernate: select posts0_.id as id1_0_, posts0_.created_date as created_2_0_, posts0_.modified_date as modified3_0_, posts0_.author as author4_0_, posts0_.content as content5_0_, posts0_.title as title6_0_ from posts posts0_
>>>>>>>>> createDate=2021-07-18T16:06:05.292597, modifiedDate=2021-07-18T16:06:05.292597
Hibernate: select posts0_.id as id1_0_, posts0_.created_date as created_2_0_, posts0_.modified_date as modified3_0_, posts0_.author as author4_0_, posts0_.content as content5_0_, posts0_.title as title6_0_ from posts posts0_
Hibernate: delete from posts where id=?
]]></system-out>
  <system-err><![CDATA[]]></system-err>
</testsuite>
