<?xml version="1.0" encoding="UTF-8"?>
<testsuite name="com.xengom.web.IndexControllerTest" tests="1" skipped="0" failures="0" errors="0" timestamp="2021-07-17T18:34:41" hostname="DEC" time="0.166">
  <properties/>
  <testcase name="메인페이지_로딩" classname="com.xengom.web.IndexControllerTest" time="0.166"/>
  <system-out><![CDATA[2021-07-18 03:34:40.398  INFO 20328 --- [    Test worker] .b.t.c.SpringBootTestContextBootstrapper : Neither @ContextConfiguration nor @ContextHierarchy found for test class [com.xengom.web.IndexControllerTest], using SpringBootContextLoader
2021-07-18 03:34:40.398  INFO 20328 --- [    Test worker] o.s.t.c.support.AbstractContextLoader    : Could not detect default resource locations for test class [com.xengom.web.IndexControllerTest]: no resource found for suffixes {-context.xml, Context.groovy}.
2021-07-18 03:34:40.398  INFO 20328 --- [    Test worker] t.c.s.AnnotationConfigContextLoaderUtils : Could not detect default configuration classes for test class [com.xengom.web.IndexControllerTest]: IndexControllerTest does not declare any static, non-private, non-final, nested classes annotated with @Configuration.
2021-07-18 03:34:40.404  INFO 20328 --- [    Test worker] .b.t.c.SpringBootTestContextBootstrapper : Found @SpringBootConfiguration com.xengom.Application for test class com.xengom.web.IndexControllerTest
2021-07-18 03:34:40.405  INFO 20328 --- [    Test worker] .b.t.c.SpringBootTestContextBootstrapper : Loaded default TestExecutionListener class names from location [META-INF/spring.factories]: [org.springframework.security.test.context.support.WithSecurityContextTestExecutionListener, org.springframework.security.test.context.support.ReactorContextTestExecutionListener, org.springframework.boot.test.autoconfigure.restdocs.RestDocsTestExecutionListener, org.springframework.boot.test.autoconfigure.web.client.MockRestServiceServerResetTestExecutionListener, org.springframework.boot.test.autoconfigure.web.servlet.MockMvcPrintOnlyOnFailureTestExecutionListener, org.springframework.boot.test.autoconfigure.web.servlet.WebDriverTestExecutionListener, org.springframework.boot.test.mock.mockito.MockitoTestExecutionListener, org.springframework.boot.test.mock.mockito.ResetMocksTestExecutionListener, org.springframework.test.context.web.ServletTestExecutionListener, org.springframework.test.context.support.DirtiesContextBeforeModesTestExecutionListener, org.springframework.test.context.support.DependencyInjectionTestExecutionListener, org.springframework.test.context.support.DirtiesContextTestExecutionListener, org.springframework.test.context.transaction.TransactionalTestExecutionListener, org.springframework.test.context.jdbc.SqlScriptsTestExecutionListener]
2021-07-18 03:34:40.406  INFO 20328 --- [    Test worker] .b.t.c.SpringBootTestContextBootstrapper : Using TestExecutionListeners: [org.springframework.test.context.web.ServletTestExecutionListener@3c3f1e53, org.springframework.test.context.support.DirtiesContextBeforeModesTestExecutionListener@2b3456fa, org.springframework.boot.test.mock.mockito.MockitoTestExecutionListener@4761b0d5, org.springframework.boot.test.autoconfigure.SpringBootDependencyInjectionTestExecutionListener@350d8316, org.springframework.test.context.support.DirtiesContextTestExecutionListener@7184ce62, org.springframework.test.context.transaction.TransactionalTestExecutionListener@780ec52e, org.springframework.test.context.jdbc.SqlScriptsTestExecutionListener@322335e2, org.springframework.security.test.context.support.WithSecurityContextTestExecutionListener@6b6f0583, org.springframework.security.test.context.support.ReactorContextTestExecutionListener@3ccf3152, org.springframework.boot.test.autoconfigure.restdocs.RestDocsTestExecutionListener@32e6b450, org.springframework.boot.test.autoconfigure.web.client.MockRestServiceServerResetTestExecutionListener@19c10bcb, org.springframework.boot.test.autoconfigure.web.servlet.MockMvcPrintOnlyOnFailureTestExecutionListener@a11566d, org.springframework.boot.test.autoconfigure.web.servlet.WebDriverTestExecutionListener@4f91a3dc, org.springframework.boot.test.mock.mockito.ResetMocksTestExecutionListener@4852da4a]

  .   ____          _            __ _ _
 /\\ / ___'_ __ _ _(_)_ __  __ _ \ \ \ \
( ( )\___ | '_ | '_| | '_ \/ _` | \ \ \ \
 \\/  ___)| |_)| | | | | || (_| |  ) ) ) )
  '  |____| .__|_| |_|_| |_\__, | / / / /
 =========|_|==============|___/=/_/_/_/
 :: Spring Boot ::        (v2.1.9.RELEASE)

2021-07-18 03:34:40.429  INFO 20328 --- [    Test worker] com.xengom.web.IndexControllerTest       : Starting IndexControllerTest on DeC with PID 20328 (started by xengo in C:\Users\xengo\OneDrive\바탕 화면\스프링공부\xengom)
2021-07-18 03:34:40.429  INFO 20328 --- [    Test worker] com.xengom.web.IndexControllerTest       : No active profile set, falling back to default profiles: default
2021-07-18 03:34:40.589  INFO 20328 --- [    Test worker] .s.d.r.c.RepositoryConfigurationDelegate : Bootstrapping Spring Data repositories in DEFAULT mode.
2021-07-18 03:34:40.607  INFO 20328 --- [    Test worker] .s.d.r.c.RepositoryConfigurationDelegate : Finished Spring Data repository scanning in 17ms. Found 2 repository interfaces.
2021-07-18 03:34:40.674  INFO 20328 --- [    Test worker] trationDelegate$BeanPostProcessorChecker : Bean 'org.springframework.transaction.annotation.ProxyTransactionManagementConfiguration' of type [org.springframework.transaction.annotation.ProxyTransactionManagementConfiguration$$EnhancerBySpringCGLIB$$99900fd1] is not eligible for getting processed by all BeanPostProcessors (for example: not eligible for auto-proxying)
2021-07-18 03:34:40.860  INFO 20328 --- [    Test worker] o.s.b.w.embedded.tomcat.TomcatWebServer  : Tomcat initialized with port(s): 0 (http)
2021-07-18 03:34:40.886  INFO 20328 --- [    Test worker] o.apache.catalina.core.StandardService   : Starting service [Tomcat]
2021-07-18 03:34:40.886  INFO 20328 --- [    Test worker] org.apache.catalina.core.StandardEngine  : Starting Servlet engine: [Apache Tomcat/9.0.26]
2021-07-18 03:34:41.025  INFO 20328 --- [    Test worker] o.a.c.c.C.[Tomcat].[localhost].[/]       : Initializing Spring embedded WebApplicationContext
2021-07-18 03:34:41.025  INFO 20328 --- [    Test worker] o.s.web.context.ContextLoader            : Root WebApplicationContext: initialization completed in 594 ms
2021-07-18 03:34:41.143  INFO 20328 --- [    Test worker] com.zaxxer.hikari.HikariDataSource       : HikariPool-2 - Starting...
2021-07-18 03:34:41.144  INFO 20328 --- [    Test worker] com.zaxxer.hikari.HikariDataSource       : HikariPool-2 - Start completed.
2021-07-18 03:34:41.169  INFO 20328 --- [    Test worker] o.hibernate.jpa.internal.util.LogHelper  : HHH000204: Processing PersistenceUnitInfo [
	name: default
	...]
2021-07-18 03:34:41.177  INFO 20328 --- [    Test worker] org.hibernate.dialect.Dialect            : HHH000400: Using dialect: org.hibernate.dialect.MySQL5InnoDBDialect
Hibernate: drop table if exists posts
Hibernate: drop table if exists user
Hibernate: create table posts (id bigint not null auto_increment, created_date datetime, modified_date datetime, author varchar(255), content TEXT not null, title varchar(500) not null, primary key (id)) engine=InnoDB
Hibernate: create table user (id bigint not null auto_increment, created_date datetime, modified_date datetime, email varchar(255) not null, name varchar(255) not null, picture varchar(255), role varchar(255) not null, primary key (id)) engine=InnoDB
2021-07-18 03:34:41.216  INFO 20328 --- [    Test worker] o.h.t.schema.internal.SchemaCreatorImpl  : HHH000476: Executing import script 'org.hibernate.tool.schema.internal.exec.ScriptSourceInputNonExistentImpl@65cedf9d'
2021-07-18 03:34:41.216  INFO 20328 --- [    Test worker] j.LocalContainerEntityManagerFactoryBean : Initialized JPA EntityManagerFactory for persistence unit 'default'
2021-07-18 03:34:41.426  INFO 20328 --- [    Test worker] o.h.h.i.QueryTranslatorFactoryInitiator  : HHH000397: Using ASTQueryTranslatorFactory
2021-07-18 03:34:41.511  INFO 20328 --- [    Test worker] o.s.s.web.DefaultSecurityFilterChain     : Creating filter chain: any request, [org.springframework.security.web.context.request.async.WebAsyncManagerIntegrationFilter@d727037, org.springframework.security.web.context.SecurityContextPersistenceFilter@2b25b4cb, org.springframework.security.web.header.HeaderWriterFilter@5ca55745, org.springframework.security.web.authentication.logout.LogoutFilter@1930d788, org.springframework.security.oauth2.client.web.OAuth2AuthorizationRequestRedirectFilter@2728b29d, org.springframework.security.oauth2.client.web.OAuth2LoginAuthenticationFilter@542d1887, org.springframework.security.web.authentication.ui.DefaultLoginPageGeneratingFilter@1fb5ab59, org.springframework.security.web.authentication.ui.DefaultLogoutPageGeneratingFilter@15793fb7, org.springframework.security.web.savedrequest.RequestCacheAwareFilter@1c48d572, org.springframework.security.web.servletapi.SecurityContextHolderAwareRequestFilter@6aa1a6c1, org.springframework.security.web.authentication.AnonymousAuthenticationFilter@77a7cbdf, org.springframework.security.web.session.SessionManagementFilter@31a8892d, org.springframework.security.web.access.ExceptionTranslationFilter@7ae9a663, org.springframework.security.web.access.intercept.FilterSecurityInterceptor@5ab85563]
2021-07-18 03:34:41.626  INFO 20328 --- [    Test worker] o.s.s.concurrent.ThreadPoolTaskExecutor  : Initializing ExecutorService 'applicationTaskExecutor'
2021-07-18 03:34:41.634  WARN 20328 --- [    Test worker] aWebConfiguration$JpaWebMvcConfiguration : spring.jpa.open-in-view is enabled by default. Therefore, database queries may be performed during view rendering. Explicitly configure spring.jpa.open-in-view to disable this warning
2021-07-18 03:34:41.652  INFO 20328 --- [    Test worker] o.s.b.a.w.s.WelcomePageHandlerMapping    : Adding welcome page template: index
2021-07-18 03:34:41.812  INFO 20328 --- [    Test worker] s.a.ScheduledAnnotationBeanPostProcessor : No TaskScheduler/ScheduledExecutorService bean found for scheduled processing
2021-07-18 03:34:41.826  INFO 20328 --- [    Test worker] o.s.b.w.embedded.tomcat.TomcatWebServer  : Tomcat started on port(s): 61032 (http) with context path ''
2021-07-18 03:34:41.826  INFO 20328 --- [    Test worker] com.xengom.web.IndexControllerTest       : Started IndexControllerTest in 1.42 seconds (JVM running for 7.307)
2021-07-18 03:34:41.902  INFO 20328 --- [o-auto-1-exec-1] o.a.c.c.C.[Tomcat].[localhost].[/]       : Initializing Spring DispatcherServlet 'dispatcherServlet'
2021-07-18 03:34:41.903  INFO 20328 --- [o-auto-1-exec-1] o.s.web.servlet.DispatcherServlet        : Initializing Servlet 'dispatcherServlet'
2021-07-18 03:34:41.918  INFO 20328 --- [o-auto-1-exec-1] o.s.web.servlet.DispatcherServlet        : Completed initialization in 15 ms
Hibernate: select posts0_.id as id1_0_, posts0_.created_date as created_2_0_, posts0_.modified_date as modified3_0_, posts0_.author as author4_0_, posts0_.content as content5_0_, posts0_.title as title6_0_ from posts posts0_ order by posts0_.id DESC
]]></system-out>
  <system-err><![CDATA[]]></system-err>
</testsuite>
