<?xml version="1.0" encoding="UTF-8"?>
<testsuite name="com.xengom.web.IndexControllerTest" tests="1" skipped="0" failures="0" errors="0" timestamp="2021-07-13T06:36:02" hostname="DEC" time="0.117">
  <properties/>
  <testcase name="메인페이지_로딩" classname="com.xengom.web.IndexControllerTest" time="0.117"/>
  <system-out><![CDATA[2021-07-13 15:36:02.307  INFO 21100 --- [    Test worker] .b.t.c.SpringBootTestContextBootstrapper : Neither @ContextConfiguration nor @ContextHierarchy found for test class [com.xengom.web.IndexControllerTest], using SpringBootContextLoader
2021-07-13 15:36:02.308  INFO 21100 --- [    Test worker] o.s.t.c.support.AbstractContextLoader    : Could not detect default resource locations for test class [com.xengom.web.IndexControllerTest]: no resource found for suffixes {-context.xml, Context.groovy}.
2021-07-13 15:36:02.308  INFO 21100 --- [    Test worker] t.c.s.AnnotationConfigContextLoaderUtils : Could not detect default configuration classes for test class [com.xengom.web.IndexControllerTest]: IndexControllerTest does not declare any static, non-private, non-final, nested classes annotated with @Configuration.
2021-07-13 15:36:02.309  INFO 21100 --- [    Test worker] .b.t.c.SpringBootTestContextBootstrapper : Found @SpringBootConfiguration com.xengom.Application for test class com.xengom.web.IndexControllerTest
2021-07-13 15:36:02.310  INFO 21100 --- [    Test worker] .b.t.c.SpringBootTestContextBootstrapper : Loaded default TestExecutionListener class names from location [META-INF/spring.factories]: [org.springframework.security.test.context.support.WithSecurityContextTestExecutionListener, org.springframework.security.test.context.support.ReactorContextTestExecutionListener, org.springframework.boot.test.autoconfigure.restdocs.RestDocsTestExecutionListener, org.springframework.boot.test.autoconfigure.web.client.MockRestServiceServerResetTestExecutionListener, org.springframework.boot.test.autoconfigure.web.servlet.MockMvcPrintOnlyOnFailureTestExecutionListener, org.springframework.boot.test.autoconfigure.web.servlet.WebDriverTestExecutionListener, org.springframework.boot.test.mock.mockito.MockitoTestExecutionListener, org.springframework.boot.test.mock.mockito.ResetMocksTestExecutionListener, org.springframework.test.context.web.ServletTestExecutionListener, org.springframework.test.context.support.DirtiesContextBeforeModesTestExecutionListener, org.springframework.test.context.support.DependencyInjectionTestExecutionListener, org.springframework.test.context.support.DirtiesContextTestExecutionListener, org.springframework.test.context.transaction.TransactionalTestExecutionListener, org.springframework.test.context.jdbc.SqlScriptsTestExecutionListener]
2021-07-13 15:36:02.311  INFO 21100 --- [    Test worker] .b.t.c.SpringBootTestContextBootstrapper : Using TestExecutionListeners: [org.springframework.test.context.web.ServletTestExecutionListener@1e50b819, org.springframework.test.context.support.DirtiesContextBeforeModesTestExecutionListener@35ffc2a9, org.springframework.boot.test.mock.mockito.MockitoTestExecutionListener@4df2b16a, org.springframework.boot.test.autoconfigure.SpringBootDependencyInjectionTestExecutionListener@6f8cd308, org.springframework.test.context.support.DirtiesContextTestExecutionListener@74873e90, org.springframework.test.context.transaction.TransactionalTestExecutionListener@3fa64023, org.springframework.test.context.jdbc.SqlScriptsTestExecutionListener@6787df5c, org.springframework.security.test.context.support.WithSecurityContextTestExecutionListener@6e9a5437, org.springframework.security.test.context.support.ReactorContextTestExecutionListener@232494ca, org.springframework.boot.test.autoconfigure.restdocs.RestDocsTestExecutionListener@2e8e7fd5, org.springframework.boot.test.autoconfigure.web.client.MockRestServiceServerResetTestExecutionListener@77aa2867, org.springframework.boot.test.autoconfigure.web.servlet.MockMvcPrintOnlyOnFailureTestExecutionListener@4b2de149, org.springframework.boot.test.autoconfigure.web.servlet.WebDriverTestExecutionListener@4c28ae22, org.springframework.boot.test.mock.mockito.ResetMocksTestExecutionListener@118510a5]
2021-07-13 15:36:02.376  INFO 21100 --- [o-auto-1-exec-1] o.a.c.c.C.[Tomcat].[localhost].[/]       : Initializing Spring DispatcherServlet 'dispatcherServlet'
2021-07-13 15:36:02.376  INFO 21100 --- [o-auto-1-exec-1] o.s.web.servlet.DispatcherServlet        : Initializing Servlet 'dispatcherServlet'
2021-07-13 15:36:02.378  INFO 21100 --- [o-auto-1-exec-1] o.s.web.servlet.DispatcherServlet        : Completed initialization in 2 ms
Hibernate: select posts0_.id as id1_0_, posts0_.created_date as created_2_0_, posts0_.modified_date as modified3_0_, posts0_.author as author4_0_, posts0_.content as content5_0_, posts0_.title as title6_0_ from posts posts0_ order by posts0_.id DESC
]]></system-out>
  <system-err><![CDATA[]]></system-err>
</testsuite>
