<?xml version="1.0" encoding="UTF-8"?>
<testsuite name="com.xengom.web.PostsApiControllerTest" tests="2" skipped="0" failures="0" errors="0" timestamp="2021-07-17T18:34:42" hostname="DEC" time="0.118">
  <properties/>
  <testcase name="Posts_등록" classname="com.xengom.web.PostsApiControllerTest" time="0.098"/>
  <testcase name="Posts_수정" classname="com.xengom.web.PostsApiControllerTest" time="0.02"/>
  <system-out><![CDATA[2021-07-18 03:34:41.997  INFO 20328 --- [    Test worker] .b.t.c.SpringBootTestContextBootstrapper : Neither @ContextConfiguration nor @ContextHierarchy found for test class [com.xengom.web.PostsApiControllerTest], using SpringBootContextLoader
2021-07-18 03:34:41.998  INFO 20328 --- [    Test worker] o.s.t.c.support.AbstractContextLoader    : Could not detect default resource locations for test class [com.xengom.web.PostsApiControllerTest]: no resource found for suffixes {-context.xml, Context.groovy}.
2021-07-18 03:34:41.998  INFO 20328 --- [    Test worker] t.c.s.AnnotationConfigContextLoaderUtils : Could not detect default configuration classes for test class [com.xengom.web.PostsApiControllerTest]: PostsApiControllerTest does not declare any static, non-private, non-final, nested classes annotated with @Configuration.
2021-07-18 03:34:41.999  INFO 20328 --- [    Test worker] .b.t.c.SpringBootTestContextBootstrapper : Found @SpringBootConfiguration com.xengom.Application for test class com.xengom.web.PostsApiControllerTest
2021-07-18 03:34:42.000  INFO 20328 --- [    Test worker] .b.t.c.SpringBootTestContextBootstrapper : Loaded default TestExecutionListener class names from location [META-INF/spring.factories]: [org.springframework.security.test.context.support.WithSecurityContextTestExecutionListener, org.springframework.security.test.context.support.ReactorContextTestExecutionListener, org.springframework.boot.test.autoconfigure.restdocs.RestDocsTestExecutionListener, org.springframework.boot.test.autoconfigure.web.client.MockRestServiceServerResetTestExecutionListener, org.springframework.boot.test.autoconfigure.web.servlet.MockMvcPrintOnlyOnFailureTestExecutionListener, org.springframework.boot.test.autoconfigure.web.servlet.WebDriverTestExecutionListener, org.springframework.boot.test.mock.mockito.MockitoTestExecutionListener, org.springframework.boot.test.mock.mockito.ResetMocksTestExecutionListener, org.springframework.test.context.web.ServletTestExecutionListener, org.springframework.test.context.support.DirtiesContextBeforeModesTestExecutionListener, org.springframework.test.context.support.DependencyInjectionTestExecutionListener, org.springframework.test.context.support.DirtiesContextTestExecutionListener, org.springframework.test.context.transaction.TransactionalTestExecutionListener, org.springframework.test.context.jdbc.SqlScriptsTestExecutionListener]
2021-07-18 03:34:42.000  INFO 20328 --- [    Test worker] .b.t.c.SpringBootTestContextBootstrapper : Using TestExecutionListeners: [org.springframework.test.context.web.ServletTestExecutionListener@4966dbd6, org.springframework.test.context.support.DirtiesContextBeforeModesTestExecutionListener@254b315, org.springframework.boot.test.mock.mockito.MockitoTestExecutionListener@2420d48f, org.springframework.boot.test.autoconfigure.SpringBootDependencyInjectionTestExecutionListener@eded2d7, org.springframework.test.context.support.DirtiesContextTestExecutionListener@719900b1, org.springframework.test.context.transaction.TransactionalTestExecutionListener@5672c98c, org.springframework.test.context.jdbc.SqlScriptsTestExecutionListener@74d4fb61, org.springframework.security.test.context.support.WithSecurityContextTestExecutionListener@c64c746, org.springframework.security.test.context.support.ReactorContextTestExecutionListener@35c1d2f3, org.springframework.boot.test.autoconfigure.restdocs.RestDocsTestExecutionListener@75bf436e, org.springframework.boot.test.autoconfigure.web.client.MockRestServiceServerResetTestExecutionListener@26e3b14b, org.springframework.boot.test.autoconfigure.web.servlet.MockMvcPrintOnlyOnFailureTestExecutionListener@c971c26, org.springframework.boot.test.autoconfigure.web.servlet.WebDriverTestExecutionListener@37fa010d, org.springframework.boot.test.mock.mockito.ResetMocksTestExecutionListener@38d190af]
2021-07-18 03:34:42.013  INFO 20328 --- [    Test worker] o.a.c.c.C.[Tomcat].[localhost].[/]       : Initializing Spring TestDispatcherServlet ''
2021-07-18 03:34:42.013  INFO 20328 --- [    Test worker] o.s.t.web.servlet.TestDispatcherServlet  : Initializing Servlet ''
2021-07-18 03:34:42.015  INFO 20328 --- [    Test worker] o.s.t.web.servlet.TestDispatcherServlet  : Completed initialization in 2 ms
Hibernate: insert into posts (created_date, modified_date, author, content, title) values (?, ?, ?, ?, ?)
Hibernate: select posts0_.id as id1_0_, posts0_.created_date as created_2_0_, posts0_.modified_date as modified3_0_, posts0_.author as author4_0_, posts0_.content as content5_0_, posts0_.title as title6_0_ from posts posts0_
Hibernate: select posts0_.id as id1_0_, posts0_.created_date as created_2_0_, posts0_.modified_date as modified3_0_, posts0_.author as author4_0_, posts0_.content as content5_0_, posts0_.title as title6_0_ from posts posts0_
Hibernate: delete from posts where id=?
2021-07-18 03:34:42.101  INFO 20328 --- [    Test worker] o.a.c.c.C.[Tomcat].[localhost].[/]       : Initializing Spring TestDispatcherServlet ''
2021-07-18 03:34:42.101  INFO 20328 --- [    Test worker] o.s.t.web.servlet.TestDispatcherServlet  : Initializing Servlet ''
2021-07-18 03:34:42.102  INFO 20328 --- [    Test worker] o.s.t.web.servlet.TestDispatcherServlet  : Completed initialization in 1 ms
Hibernate: insert into posts (created_date, modified_date, author, content, title) values (?, ?, ?, ?, ?)
Hibernate: select posts0_.id as id1_0_0_, posts0_.created_date as created_2_0_0_, posts0_.modified_date as modified3_0_0_, posts0_.author as author4_0_0_, posts0_.content as content5_0_0_, posts0_.title as title6_0_0_ from posts posts0_ where posts0_.id=?
Hibernate: update posts set created_date=?, modified_date=?, author=?, content=?, title=? where id=?
Hibernate: select posts0_.id as id1_0_, posts0_.created_date as created_2_0_, posts0_.modified_date as modified3_0_, posts0_.author as author4_0_, posts0_.content as content5_0_, posts0_.title as title6_0_ from posts posts0_
Hibernate: select posts0_.id as id1_0_, posts0_.created_date as created_2_0_, posts0_.modified_date as modified3_0_, posts0_.author as author4_0_, posts0_.content as content5_0_, posts0_.title as title6_0_ from posts posts0_
Hibernate: delete from posts where id=?
]]></system-out>
  <system-err><![CDATA[]]></system-err>
</testsuite>
