<?xml version="1.0" encoding="UTF-8"?>
<testsuite name="com.xengom.web.PostsApiControllerTest" tests="2" skipped="0" failures="0" errors="0" timestamp="2021-07-13T06:36:00" hostname="DEC" time="0.406">
  <properties/>
  <testcase name="Posts_등록" classname="com.xengom.web.PostsApiControllerTest" time="0.38"/>
  <testcase name="Posts_수정" classname="com.xengom.web.PostsApiControllerTest" time="0.025"/>
  <system-out><![CDATA[15:35:55.591 [Test worker] DEBUG org.springframework.test.context.junit4.SpringJUnit4ClassRunner - SpringJUnit4ClassRunner constructor called with [class com.xengom.web.PostsApiControllerTest]
15:35:55.599 [Test worker] DEBUG org.springframework.test.context.BootstrapUtils - Instantiating CacheAwareContextLoaderDelegate from class [org.springframework.test.context.cache.DefaultCacheAwareContextLoaderDelegate]
15:35:55.605 [Test worker] DEBUG org.springframework.test.context.BootstrapUtils - Instantiating BootstrapContext using constructor [public org.springframework.test.context.support.DefaultBootstrapContext(java.lang.Class,org.springframework.test.context.CacheAwareContextLoaderDelegate)]
15:35:55.618 [Test worker] DEBUG org.springframework.test.context.BootstrapUtils - Instantiating TestContextBootstrapper for test class [com.xengom.web.PostsApiControllerTest] from class [org.springframework.boot.test.context.SpringBootTestContextBootstrapper]
15:35:55.624 [Test worker] INFO org.springframework.boot.test.context.SpringBootTestContextBootstrapper - Neither @ContextConfiguration nor @ContextHierarchy found for test class [com.xengom.web.PostsApiControllerTest], using SpringBootContextLoader
15:35:55.627 [Test worker] DEBUG org.springframework.test.context.support.AbstractContextLoader - Did not detect default resource location for test class [com.xengom.web.PostsApiControllerTest]: class path resource [com/xengom/web/PostsApiControllerTest-context.xml] does not exist
15:35:55.628 [Test worker] DEBUG org.springframework.test.context.support.AbstractContextLoader - Did not detect default resource location for test class [com.xengom.web.PostsApiControllerTest]: class path resource [com/xengom/web/PostsApiControllerTestContext.groovy] does not exist
15:35:55.628 [Test worker] INFO org.springframework.test.context.support.AbstractContextLoader - Could not detect default resource locations for test class [com.xengom.web.PostsApiControllerTest]: no resource found for suffixes {-context.xml, Context.groovy}.
15:35:55.628 [Test worker] INFO org.springframework.test.context.support.AnnotationConfigContextLoaderUtils - Could not detect default configuration classes for test class [com.xengom.web.PostsApiControllerTest]: PostsApiControllerTest does not declare any static, non-private, non-final, nested classes annotated with @Configuration.
15:35:55.664 [Test worker] DEBUG org.springframework.test.context.support.ActiveProfilesUtils - Could not find an 'annotation declaring class' for annotation type [org.springframework.test.context.ActiveProfiles] and class [com.xengom.web.PostsApiControllerTest]
15:35:55.733 [Test worker] DEBUG org.springframework.context.annotation.ClassPathScanningCandidateComponentProvider - Identified candidate component class: file [C:\Users\xengo\OneDrive\바탕 화면\스프링공부\xengom\build\classes\java\main\com\xengom\Application.class]
15:35:55.735 [Test worker] INFO org.springframework.boot.test.context.SpringBootTestContextBootstrapper - Found @SpringBootConfiguration com.xengom.Application for test class com.xengom.web.PostsApiControllerTest
15:35:55.810 [Test worker] DEBUG org.springframework.boot.test.context.SpringBootTestContextBootstrapper - @TestExecutionListeners is not present for class [com.xengom.web.PostsApiControllerTest]: using defaults.
15:35:55.811 [Test worker] INFO org.springframework.boot.test.context.SpringBootTestContextBootstrapper - Loaded default TestExecutionListener class names from location [META-INF/spring.factories]: [org.springframework.security.test.context.support.WithSecurityContextTestExecutionListener, org.springframework.security.test.context.support.ReactorContextTestExecutionListener, org.springframework.boot.test.autoconfigure.restdocs.RestDocsTestExecutionListener, org.springframework.boot.test.autoconfigure.web.client.MockRestServiceServerResetTestExecutionListener, org.springframework.boot.test.autoconfigure.web.servlet.MockMvcPrintOnlyOnFailureTestExecutionListener, org.springframework.boot.test.autoconfigure.web.servlet.WebDriverTestExecutionListener, org.springframework.boot.test.mock.mockito.MockitoTestExecutionListener, org.springframework.boot.test.mock.mockito.ResetMocksTestExecutionListener, org.springframework.test.context.web.ServletTestExecutionListener, org.springframework.test.context.support.DirtiesContextBeforeModesTestExecutionListener, org.springframework.test.context.support.DependencyInjectionTestExecutionListener, org.springframework.test.context.support.DirtiesContextTestExecutionListener, org.springframework.test.context.transaction.TransactionalTestExecutionListener, org.springframework.test.context.jdbc.SqlScriptsTestExecutionListener]
15:35:55.828 [Test worker] INFO org.springframework.boot.test.context.SpringBootTestContextBootstrapper - Using TestExecutionListeners: [org.springframework.test.context.web.ServletTestExecutionListener@4fd666e4, org.springframework.test.context.support.DirtiesContextBeforeModesTestExecutionListener@60a8da2e, org.springframework.boot.test.mock.mockito.MockitoTestExecutionListener@404de84, org.springframework.boot.test.autoconfigure.SpringBootDependencyInjectionTestExecutionListener@5c01ac33, org.springframework.test.context.support.DirtiesContextTestExecutionListener@209c0011, org.springframework.test.context.transaction.TransactionalTestExecutionListener@643d786, org.springframework.test.context.jdbc.SqlScriptsTestExecutionListener@2491c934, org.springframework.security.test.context.support.WithSecurityContextTestExecutionListener@75a089a1, org.springframework.security.test.context.support.ReactorContextTestExecutionListener@35fc838c, org.springframework.boot.test.autoconfigure.restdocs.RestDocsTestExecutionListener@2d9b9d52, org.springframework.boot.test.autoconfigure.web.client.MockRestServiceServerResetTestExecutionListener@76939bc, org.springframework.boot.test.autoconfigure.web.servlet.MockMvcPrintOnlyOnFailureTestExecutionListener@76754571, org.springframework.boot.test.autoconfigure.web.servlet.WebDriverTestExecutionListener@274448d0, org.springframework.boot.test.mock.mockito.ResetMocksTestExecutionListener@56442067]
15:35:55.830 [Test worker] DEBUG org.springframework.test.annotation.ProfileValueUtils - Retrieved @ProfileValueSourceConfiguration [null] for test class [com.xengom.web.PostsApiControllerTest]
15:35:55.830 [Test worker] DEBUG org.springframework.test.annotation.ProfileValueUtils - Retrieved ProfileValueSource type [class org.springframework.test.annotation.SystemProfileValueSource] for class [com.xengom.web.PostsApiControllerTest]
15:35:55.830 [Test worker] DEBUG org.springframework.test.annotation.ProfileValueUtils - Retrieved @ProfileValueSourceConfiguration [null] for test class [com.xengom.web.PostsApiControllerTest]
15:35:55.831 [Test worker] DEBUG org.springframework.test.annotation.ProfileValueUtils - Retrieved ProfileValueSource type [class org.springframework.test.annotation.SystemProfileValueSource] for class [com.xengom.web.PostsApiControllerTest]
15:35:55.836 [Test worker] DEBUG org.springframework.test.context.support.AbstractDirtiesContextTestExecutionListener - Before test class: context [DefaultTestContext@4c061dee testClass = PostsApiControllerTest, testInstance = [null], testMethod = [null], testException = [null], mergedContextConfiguration = [WebMergedContextConfiguration@20d3c699 testClass = PostsApiControllerTest, locations = '{}', classes = '{class com.xengom.Application}', contextInitializerClasses = '[]', activeProfiles = '{}', propertySourceLocations = '{}', propertySourceProperties = '{org.springframework.boot.test.context.SpringBootTestContextBootstrapper=true, server.port=0}', contextCustomizers = set[org.springframework.boot.test.autoconfigure.properties.PropertyMappingContextCustomizer@0, org.springframework.boot.test.autoconfigure.web.servlet.WebDriverContextCustomizerFactory$Customizer@27345292, org.springframework.boot.test.context.filter.ExcludeFilterContextCustomizer@30d7b01c, org.springframework.boot.test.json.DuplicateJsonObjectContextCustomizerFactory$DuplicateJsonObjectContextCustomizer@109c5ca5, org.springframework.boot.test.mock.mockito.MockitoContextCustomizer@0, org.springframework.boot.test.web.client.TestRestTemplateContextCustomizer@3b645129], resourceBasePath = 'src/main/webapp', contextLoader = 'org.springframework.boot.test.context.SpringBootContextLoader', parent = [null]], attributes = map['org.springframework.test.context.web.ServletTestExecutionListener.activateListener' -> false]], class annotated with @DirtiesContext [false] with mode [null].
15:35:55.837 [Test worker] DEBUG org.springframework.test.annotation.ProfileValueUtils - Retrieved @ProfileValueSourceConfiguration [null] for test class [com.xengom.web.PostsApiControllerTest]
15:35:55.837 [Test worker] DEBUG org.springframework.test.annotation.ProfileValueUtils - Retrieved ProfileValueSource type [class org.springframework.test.annotation.SystemProfileValueSource] for class [com.xengom.web.PostsApiControllerTest]
15:35:55.841 [Test worker] DEBUG org.springframework.test.context.support.DependencyInjectionTestExecutionListener - Performing dependency injection for test context [[DefaultTestContext@4c061dee testClass = PostsApiControllerTest, testInstance = com.xengom.web.PostsApiControllerTest@12554288, testMethod = [null], testException = [null], mergedContextConfiguration = [WebMergedContextConfiguration@20d3c699 testClass = PostsApiControllerTest, locations = '{}', classes = '{class com.xengom.Application}', contextInitializerClasses = '[]', activeProfiles = '{}', propertySourceLocations = '{}', propertySourceProperties = '{org.springframework.boot.test.context.SpringBootTestContextBootstrapper=true, server.port=0}', contextCustomizers = set[org.springframework.boot.test.autoconfigure.properties.PropertyMappingContextCustomizer@0, org.springframework.boot.test.autoconfigure.web.servlet.WebDriverContextCustomizerFactory$Customizer@27345292, org.springframework.boot.test.context.filter.ExcludeFilterContextCustomizer@30d7b01c, org.springframework.boot.test.json.DuplicateJsonObjectContextCustomizerFactory$DuplicateJsonObjectContextCustomizer@109c5ca5, org.springframework.boot.test.mock.mockito.MockitoContextCustomizer@0, org.springframework.boot.test.web.client.TestRestTemplateContextCustomizer@3b645129], resourceBasePath = 'src/main/webapp', contextLoader = 'org.springframework.boot.test.context.SpringBootContextLoader', parent = [null]], attributes = map['org.springframework.test.context.web.ServletTestExecutionListener.activateListener' -> false]]].
15:35:55.858 [Test worker] DEBUG org.springframework.test.context.support.TestPropertySourceUtils - Adding inlined properties to environment: {spring.jmx.enabled=false, org.springframework.boot.test.context.SpringBootTestContextBootstrapper=true, server.port=0}

  .   ____          _            __ _ _
 /\\ / ___'_ __ _ _(_)_ __  __ _ \ \ \ \
( ( )\___ | '_ | '_| | '_ \/ _` | \ \ \ \
 \\/  ___)| |_)| | | | | || (_| |  ) ) ) )
  '  |____| .__|_| |_|_| |_\__, | / / / /
 =========|_|==============|___/=/_/_/_/
 :: Spring Boot ::        (v2.1.9.RELEASE)

2021-07-13 15:35:56.085  INFO 21100 --- [    Test worker] com.xengom.web.PostsApiControllerTest    : Starting PostsApiControllerTest on DeC with PID 21100 (started by xengo in C:\Users\xengo\OneDrive\바탕 화면\스프링공부\xengom)
2021-07-13 15:35:56.086  INFO 21100 --- [    Test worker] com.xengom.web.PostsApiControllerTest    : No active profile set, falling back to default profiles: default
2021-07-13 15:35:56.733  INFO 21100 --- [    Test worker] .s.d.r.c.RepositoryConfigurationDelegate : Bootstrapping Spring Data repositories in DEFAULT mode.
2021-07-13 15:35:56.802  INFO 21100 --- [    Test worker] .s.d.r.c.RepositoryConfigurationDelegate : Finished Spring Data repository scanning in 62ms. Found 2 repository interfaces.
2021-07-13 15:35:57.191  INFO 21100 --- [    Test worker] trationDelegate$BeanPostProcessorChecker : Bean 'org.springframework.transaction.annotation.ProxyTransactionManagementConfiguration' of type [org.springframework.transaction.annotation.ProxyTransactionManagementConfiguration$$EnhancerBySpringCGLIB$$4b76c167] is not eligible for getting processed by all BeanPostProcessors (for example: not eligible for auto-proxying)
2021-07-13 15:35:57.496  INFO 21100 --- [    Test worker] o.s.b.w.embedded.tomcat.TomcatWebServer  : Tomcat initialized with port(s): 0 (http)
2021-07-13 15:35:57.523  INFO 21100 --- [    Test worker] o.apache.catalina.core.StandardService   : Starting service [Tomcat]
2021-07-13 15:35:57.523  INFO 21100 --- [    Test worker] org.apache.catalina.core.StandardEngine  : Starting Servlet engine: [Apache Tomcat/9.0.26]
2021-07-13 15:35:57.686  INFO 21100 --- [    Test worker] o.a.c.c.C.[Tomcat].[localhost].[/]       : Initializing Spring embedded WebApplicationContext
2021-07-13 15:35:57.686  INFO 21100 --- [    Test worker] o.s.web.context.ContextLoader            : Root WebApplicationContext: initialization completed in 1584 ms
2021-07-13 15:35:57.927  INFO 21100 --- [    Test worker] com.zaxxer.hikari.HikariDataSource       : HikariPool-1 - Starting...
2021-07-13 15:35:58.099  INFO 21100 --- [    Test worker] com.zaxxer.hikari.HikariDataSource       : HikariPool-1 - Start completed.
2021-07-13 15:35:58.197  INFO 21100 --- [    Test worker] o.hibernate.jpa.internal.util.LogHelper  : HHH000204: Processing PersistenceUnitInfo [
	name: default
	...]
2021-07-13 15:35:58.269  INFO 21100 --- [    Test worker] org.hibernate.Version                    : HHH000412: Hibernate Core {5.3.12.Final}
2021-07-13 15:35:58.271  INFO 21100 --- [    Test worker] org.hibernate.cfg.Environment            : HHH000206: hibernate.properties not found
2021-07-13 15:35:58.437  INFO 21100 --- [    Test worker] o.hibernate.annotations.common.Version   : HCANN000001: Hibernate Commons Annotations {5.0.4.Final}
2021-07-13 15:35:58.592  INFO 21100 --- [    Test worker] org.hibernate.dialect.Dialect            : HHH000400: Using dialect: org.hibernate.dialect.MySQL5InnoDBDialect
Hibernate: drop table if exists posts
Hibernate: drop table if exists user
Hibernate: create table posts (id bigint not null auto_increment, created_date datetime, modified_date datetime, author varchar(255), content TEXT not null, title varchar(500) not null, primary key (id)) engine=InnoDB
Hibernate: create table user (id bigint not null auto_increment, created_date datetime, modified_date datetime, email varchar(255) not null, name varchar(255) not null, picture varchar(255), role varchar(255) not null, primary key (id)) engine=InnoDB
2021-07-13 15:35:59.199  INFO 21100 --- [    Test worker] o.h.t.schema.internal.SchemaCreatorImpl  : HHH000476: Executing import script 'org.hibernate.tool.schema.internal.exec.ScriptSourceInputNonExistentImpl@69534d92'
2021-07-13 15:35:59.202  INFO 21100 --- [    Test worker] j.LocalContainerEntityManagerFactoryBean : Initialized JPA EntityManagerFactory for persistence unit 'default'
2021-07-13 15:35:59.744  INFO 21100 --- [    Test worker] o.h.h.i.QueryTranslatorFactoryInitiator  : HHH000397: Using ASTQueryTranslatorFactory
2021-07-13 15:36:00.082  INFO 21100 --- [    Test worker] o.s.s.web.DefaultSecurityFilterChain     : Creating filter chain: any request, [org.springframework.security.web.context.request.async.WebAsyncManagerIntegrationFilter@3140cafb, org.springframework.security.web.context.SecurityContextPersistenceFilter@466d93f6, org.springframework.security.web.header.HeaderWriterFilter@34d218fc, org.springframework.security.web.authentication.logout.LogoutFilter@cc043f2, org.springframework.security.oauth2.client.web.OAuth2AuthorizationRequestRedirectFilter@3e13e834, org.springframework.security.oauth2.client.web.OAuth2LoginAuthenticationFilter@7d22c441, org.springframework.security.web.authentication.ui.DefaultLoginPageGeneratingFilter@7f99e670, org.springframework.security.web.authentication.ui.DefaultLogoutPageGeneratingFilter@48ea940d, org.springframework.security.web.savedrequest.RequestCacheAwareFilter@9c36271, org.springframework.security.web.servletapi.SecurityContextHolderAwareRequestFilter@187530a1, org.springframework.security.web.authentication.AnonymousAuthenticationFilter@494304e8, org.springframework.security.web.session.SessionManagementFilter@4c328d00, org.springframework.security.web.access.ExceptionTranslationFilter@7e71d80c, org.springframework.security.web.access.intercept.FilterSecurityInterceptor@7a4a5a5]
2021-07-13 15:36:00.379  INFO 21100 --- [    Test worker] o.s.s.concurrent.ThreadPoolTaskExecutor  : Initializing ExecutorService 'applicationTaskExecutor'
2021-07-13 15:36:00.423  WARN 21100 --- [    Test worker] aWebConfiguration$JpaWebMvcConfiguration : spring.jpa.open-in-view is enabled by default. Therefore, database queries may be performed during view rendering. Explicitly configure spring.jpa.open-in-view to disable this warning
2021-07-13 15:36:00.466  INFO 21100 --- [    Test worker] o.s.b.a.w.s.WelcomePageHandlerMapping    : Adding welcome page template: index
2021-07-13 15:36:00.755  INFO 21100 --- [    Test worker] s.a.ScheduledAnnotationBeanPostProcessor : No TaskScheduler/ScheduledExecutorService bean found for scheduled processing
2021-07-13 15:36:00.774  INFO 21100 --- [    Test worker] o.s.b.w.embedded.tomcat.TomcatWebServer  : Tomcat started on port(s): 51621 (http) with context path ''
2021-07-13 15:36:00.777  INFO 21100 --- [    Test worker] com.xengom.web.PostsApiControllerTest    : Started PostsApiControllerTest in 4.915 seconds (JVM running for 5.783)
2021-07-13 15:36:00.871  INFO 21100 --- [    Test worker] o.a.c.c.C.[Tomcat].[localhost].[/]       : Initializing Spring TestDispatcherServlet ''
2021-07-13 15:36:00.872  INFO 21100 --- [    Test worker] o.s.t.web.servlet.TestDispatcherServlet  : Initializing Servlet ''
2021-07-13 15:36:00.882  INFO 21100 --- [    Test worker] o.s.t.web.servlet.TestDispatcherServlet  : Completed initialization in 10 ms
Hibernate: insert into posts (created_date, modified_date, author, content, title) values (?, ?, ?, ?, ?)
Hibernate: select posts0_.id as id1_0_, posts0_.created_date as created_2_0_, posts0_.modified_date as modified3_0_, posts0_.author as author4_0_, posts0_.content as content5_0_, posts0_.title as title6_0_ from posts posts0_
Hibernate: select posts0_.id as id1_0_, posts0_.created_date as created_2_0_, posts0_.modified_date as modified3_0_, posts0_.author as author4_0_, posts0_.content as content5_0_, posts0_.title as title6_0_ from posts posts0_
Hibernate: delete from posts where id=?
2021-07-13 15:36:01.168  INFO 21100 --- [    Test worker] o.a.c.c.C.[Tomcat].[localhost].[/]       : Initializing Spring TestDispatcherServlet ''
2021-07-13 15:36:01.168  INFO 21100 --- [    Test worker] o.s.t.web.servlet.TestDispatcherServlet  : Initializing Servlet ''
2021-07-13 15:36:01.170  INFO 21100 --- [    Test worker] o.s.t.web.servlet.TestDispatcherServlet  : Completed initialization in 2 ms
Hibernate: insert into posts (created_date, modified_date, author, content, title) values (?, ?, ?, ?, ?)
Hibernate: select posts0_.id as id1_0_0_, posts0_.created_date as created_2_0_0_, posts0_.modified_date as modified3_0_0_, posts0_.author as author4_0_0_, posts0_.content as content5_0_0_, posts0_.title as title6_0_0_ from posts posts0_ where posts0_.id=?
Hibernate: update posts set created_date=?, modified_date=?, author=?, content=?, title=? where id=?
Hibernate: select posts0_.id as id1_0_, posts0_.created_date as created_2_0_, posts0_.modified_date as modified3_0_, posts0_.author as author4_0_, posts0_.content as content5_0_, posts0_.title as title6_0_ from posts posts0_
Hibernate: select posts0_.id as id1_0_, posts0_.created_date as created_2_0_, posts0_.modified_date as modified3_0_, posts0_.author as author4_0_, posts0_.content as content5_0_, posts0_.title as title6_0_ from posts posts0_
Hibernate: delete from posts where id=?
]]></system-out>
  <system-err><![CDATA[]]></system-err>
</testsuite>
