<?xml version="1.0" encoding="UTF-8"?>
<testsuite name="com.xengom.web.IndexControllerTest" tests="1" skipped="0" failures="0" errors="0" timestamp="2021-07-16T08:00:12" hostname="DEC" time="0.169">
  <properties/>
  <testcase name="메인페이지_로딩" classname="com.xengom.web.IndexControllerTest" time="0.169"/>
  <system-out><![CDATA[2021-07-16 17:00:10.840  INFO 19340 --- [    Test worker] .b.t.c.SpringBootTestContextBootstrapper : Neither @ContextConfiguration nor @ContextHierarchy found for test class [com.xengom.web.IndexControllerTest], using SpringBootContextLoader
2021-07-16 17:00:10.841  INFO 19340 --- [    Test worker] o.s.t.c.support.AbstractContextLoader    : Could not detect default resource locations for test class [com.xengom.web.IndexControllerTest]: no resource found for suffixes {-context.xml, Context.groovy}.
2021-07-16 17:00:10.841  INFO 19340 --- [    Test worker] t.c.s.AnnotationConfigContextLoaderUtils : Could not detect default configuration classes for test class [com.xengom.web.IndexControllerTest]: IndexControllerTest does not declare any static, non-private, non-final, nested classes annotated with @Configuration.
2021-07-16 17:00:10.846  INFO 19340 --- [    Test worker] .b.t.c.SpringBootTestContextBootstrapper : Found @SpringBootConfiguration com.xengom.Application for test class com.xengom.web.IndexControllerTest
2021-07-16 17:00:10.847  INFO 19340 --- [    Test worker] .b.t.c.SpringBootTestContextBootstrapper : Loaded default TestExecutionListener class names from location [META-INF/spring.factories]: [org.springframework.security.test.context.support.WithSecurityContextTestExecutionListener, org.springframework.security.test.context.support.ReactorContextTestExecutionListener, org.springframework.boot.test.autoconfigure.restdocs.RestDocsTestExecutionListener, org.springframework.boot.test.autoconfigure.web.client.MockRestServiceServerResetTestExecutionListener, org.springframework.boot.test.autoconfigure.web.servlet.MockMvcPrintOnlyOnFailureTestExecutionListener, org.springframework.boot.test.autoconfigure.web.servlet.WebDriverTestExecutionListener, org.springframework.boot.test.mock.mockito.MockitoTestExecutionListener, org.springframework.boot.test.mock.mockito.ResetMocksTestExecutionListener, org.springframework.test.context.web.ServletTestExecutionListener, org.springframework.test.context.support.DirtiesContextBeforeModesTestExecutionListener, org.springframework.test.context.support.DependencyInjectionTestExecutionListener, org.springframework.test.context.support.DirtiesContextTestExecutionListener, org.springframework.test.context.transaction.TransactionalTestExecutionListener, org.springframework.test.context.jdbc.SqlScriptsTestExecutionListener]
2021-07-16 17:00:10.848  INFO 19340 --- [    Test worker] .b.t.c.SpringBootTestContextBootstrapper : Using TestExecutionListeners: [org.springframework.test.context.web.ServletTestExecutionListener@28bb015b, org.springframework.test.context.support.DirtiesContextBeforeModesTestExecutionListener@1e3e331f, org.springframework.boot.test.mock.mockito.MockitoTestExecutionListener@19f8c6b7, org.springframework.boot.test.autoconfigure.SpringBootDependencyInjectionTestExecutionListener@450965bc, org.springframework.test.context.support.DirtiesContextTestExecutionListener@35c8059f, org.springframework.test.context.transaction.TransactionalTestExecutionListener@5a816ef2, org.springframework.test.context.jdbc.SqlScriptsTestExecutionListener@513c66b, org.springframework.security.test.context.support.WithSecurityContextTestExecutionListener@b3977f0, org.springframework.security.test.context.support.ReactorContextTestExecutionListener@7ea87ff5, org.springframework.boot.test.autoconfigure.restdocs.RestDocsTestExecutionListener@2f8f682c, org.springframework.boot.test.autoconfigure.web.client.MockRestServiceServerResetTestExecutionListener@34b4d328, org.springframework.boot.test.autoconfigure.web.servlet.MockMvcPrintOnlyOnFailureTestExecutionListener@7472a4b9, org.springframework.boot.test.autoconfigure.web.servlet.WebDriverTestExecutionListener@49982a15, org.springframework.boot.test.mock.mockito.ResetMocksTestExecutionListener@1d02f502]

  .   ____          _            __ _ _
 /\\ / ___'_ __ _ _(_)_ __  __ _ \ \ \ \
( ( )\___ | '_ | '_| | '_ \/ _` | \ \ \ \
 \\/  ___)| |_)| | | | | || (_| |  ) ) ) )
  '  |____| .__|_| |_|_| |_\__, | / / / /
 =========|_|==============|___/=/_/_/_/
 :: Spring Boot ::        (v2.1.9.RELEASE)

2021-07-16 17:00:10.873  INFO 19340 --- [    Test worker] com.xengom.web.IndexControllerTest       : Starting IndexControllerTest on DeC with PID 19340 (started by xengo in C:\Users\xengo\OneDrive\바탕 화면\스프링공부\xengom)
2021-07-16 17:00:10.873  INFO 19340 --- [    Test worker] com.xengom.web.IndexControllerTest       : No active profile set, falling back to default profiles: default
2021-07-16 17:00:11.070  INFO 19340 --- [    Test worker] .s.d.r.c.RepositoryConfigurationDelegate : Bootstrapping Spring Data repositories in DEFAULT mode.
2021-07-16 17:00:11.089  INFO 19340 --- [    Test worker] .s.d.r.c.RepositoryConfigurationDelegate : Finished Spring Data repository scanning in 18ms. Found 2 repository interfaces.
2021-07-16 17:00:11.160  INFO 19340 --- [    Test worker] trationDelegate$BeanPostProcessorChecker : Bean 'org.springframework.transaction.annotation.ProxyTransactionManagementConfiguration' of type [org.springframework.transaction.annotation.ProxyTransactionManagementConfiguration$$EnhancerBySpringCGLIB$$b5be431b] is not eligible for getting processed by all BeanPostProcessors (for example: not eligible for auto-proxying)
2021-07-16 17:00:11.341  INFO 19340 --- [    Test worker] o.s.b.w.embedded.tomcat.TomcatWebServer  : Tomcat initialized with port(s): 0 (http)
2021-07-16 17:00:11.366  INFO 19340 --- [    Test worker] o.apache.catalina.core.StandardService   : Starting service [Tomcat]
2021-07-16 17:00:11.367  INFO 19340 --- [    Test worker] org.apache.catalina.core.StandardEngine  : Starting Servlet engine: [Apache Tomcat/9.0.26]
2021-07-16 17:00:11.513  INFO 19340 --- [    Test worker] o.a.c.c.C.[Tomcat].[localhost].[/]       : Initializing Spring embedded WebApplicationContext
2021-07-16 17:00:11.514  INFO 19340 --- [    Test worker] o.s.web.context.ContextLoader            : Root WebApplicationContext: initialization completed in 639 ms
2021-07-16 17:00:11.637  INFO 19340 --- [    Test worker] com.zaxxer.hikari.HikariDataSource       : HikariPool-2 - Starting...
2021-07-16 17:00:11.638  INFO 19340 --- [    Test worker] com.zaxxer.hikari.HikariDataSource       : HikariPool-2 - Start completed.
2021-07-16 17:00:11.664  INFO 19340 --- [    Test worker] o.hibernate.jpa.internal.util.LogHelper  : HHH000204: Processing PersistenceUnitInfo [
	name: default
	...]
2021-07-16 17:00:11.672  INFO 19340 --- [    Test worker] org.hibernate.dialect.Dialect            : HHH000400: Using dialect: org.hibernate.dialect.MySQL5InnoDBDialect
Hibernate: drop table if exists posts
Hibernate: drop table if exists user
Hibernate: create table posts (id bigint not null auto_increment, created_date datetime, modified_date datetime, author varchar(255), content TEXT not null, title varchar(500) not null, primary key (id)) engine=InnoDB
Hibernate: create table user (id bigint not null auto_increment, created_date datetime, modified_date datetime, email varchar(255) not null, name varchar(255) not null, picture varchar(255), role varchar(255) not null, primary key (id)) engine=InnoDB
2021-07-16 17:00:11.710  INFO 19340 --- [    Test worker] o.h.t.schema.internal.SchemaCreatorImpl  : HHH000476: Executing import script 'org.hibernate.tool.schema.internal.exec.ScriptSourceInputNonExistentImpl@490610b2'
2021-07-16 17:00:11.710  INFO 19340 --- [    Test worker] j.LocalContainerEntityManagerFactoryBean : Initialized JPA EntityManagerFactory for persistence unit 'default'
2021-07-16 17:00:11.927  INFO 19340 --- [    Test worker] o.h.h.i.QueryTranslatorFactoryInitiator  : HHH000397: Using ASTQueryTranslatorFactory
2021-07-16 17:00:12.025  INFO 19340 --- [    Test worker] o.s.s.web.DefaultSecurityFilterChain     : Creating filter chain: any request, [org.springframework.security.web.context.request.async.WebAsyncManagerIntegrationFilter@597706ca, org.springframework.security.web.context.SecurityContextPersistenceFilter@7b8a91d7, org.springframework.security.web.header.HeaderWriterFilter@6d0e38df, org.springframework.security.web.authentication.logout.LogoutFilter@1cd605a8, org.springframework.security.oauth2.client.web.OAuth2AuthorizationRequestRedirectFilter@5cf515f3, org.springframework.security.oauth2.client.web.OAuth2LoginAuthenticationFilter@5a1da7bd, org.springframework.security.web.authentication.ui.DefaultLoginPageGeneratingFilter@337d2e39, org.springframework.security.web.authentication.ui.DefaultLogoutPageGeneratingFilter@34e2cc15, org.springframework.security.web.savedrequest.RequestCacheAwareFilter@1e09636, org.springframework.security.web.servletapi.SecurityContextHolderAwareRequestFilter@1d348e15, org.springframework.security.web.authentication.AnonymousAuthenticationFilter@404c0df7, org.springframework.security.web.session.SessionManagementFilter@23c1a4de, org.springframework.security.web.access.ExceptionTranslationFilter@5c54c898, org.springframework.security.web.access.intercept.FilterSecurityInterceptor@7ab2f948]
2021-07-16 17:00:12.145  INFO 19340 --- [    Test worker] o.s.s.concurrent.ThreadPoolTaskExecutor  : Initializing ExecutorService 'applicationTaskExecutor'
2021-07-16 17:00:12.153  WARN 19340 --- [    Test worker] aWebConfiguration$JpaWebMvcConfiguration : spring.jpa.open-in-view is enabled by default. Therefore, database queries may be performed during view rendering. Explicitly configure spring.jpa.open-in-view to disable this warning
2021-07-16 17:00:12.169  INFO 19340 --- [    Test worker] o.s.b.a.w.s.WelcomePageHandlerMapping    : Adding welcome page template: index
2021-07-16 17:00:12.338  INFO 19340 --- [    Test worker] s.a.ScheduledAnnotationBeanPostProcessor : No TaskScheduler/ScheduledExecutorService bean found for scheduled processing
2021-07-16 17:00:12.351  INFO 19340 --- [    Test worker] o.s.b.w.embedded.tomcat.TomcatWebServer  : Tomcat started on port(s): 60219 (http) with context path ''
2021-07-16 17:00:12.352  INFO 19340 --- [    Test worker] com.xengom.web.IndexControllerTest       : Started IndexControllerTest in 1.503 seconds (JVM running for 6.965)
2021-07-16 17:00:12.433  INFO 19340 --- [o-auto-1-exec-1] o.a.c.c.C.[Tomcat].[localhost].[/]       : Initializing Spring DispatcherServlet 'dispatcherServlet'
2021-07-16 17:00:12.433  INFO 19340 --- [o-auto-1-exec-1] o.s.web.servlet.DispatcherServlet        : Initializing Servlet 'dispatcherServlet'
2021-07-16 17:00:12.448  INFO 19340 --- [o-auto-1-exec-1] o.s.web.servlet.DispatcherServlet        : Completed initialization in 15 ms
Hibernate: select posts0_.id as id1_0_, posts0_.created_date as created_2_0_, posts0_.modified_date as modified3_0_, posts0_.author as author4_0_, posts0_.content as content5_0_, posts0_.title as title6_0_ from posts posts0_ order by posts0_.id DESC
]]></system-out>
  <system-err><![CDATA[]]></system-err>
</testsuite>
